<?xml version="1.0" encoding="UTF-8"?>
<testng-results skipped="0" failed="0" total="1" passed="1">
  <reporter-output>
  </reporter-output>
  <suite name="Default suite" duration-ms="19259" started-at="2016-09-08T03:43:09Z" finished-at="2016-09-08T03:43:29Z">
    <groups>
    </groups>
    <test name="Default test" duration-ms="19259" started-at="2016-09-08T03:43:09Z" finished-at="2016-09-08T03:43:29Z">
      <class name="testGanern.testCase">
        <test-method status="PASS" signature="Setup()[pri:0, instance:testGanern.testCase@197c004]" name="Setup" is-config="true" duration-ms="2952" started-at="2016-09-08T11:43:09Z" finished-at="2016-09-08T11:43:12Z">
          <reporter-output>
          </reporter-output>
        </test-method> <!-- Setup -->
        <test-method status="PASS" signature="pageTest()[pri:0, instance:testGanern.testCase@197c004]" name="pageTest" duration-ms="14823" started-at="2016-09-08T11:43:12Z" finished-at="2016-09-08T11:43:27Z">
          <reporter-output>
          </reporter-output>
        </test-method> <!-- pageTest -->
        <test-method status="PASS" signature="TearDown()[pri:0, instance:testGanern.testCase@197c004]" name="TearDown" is-config="true" duration-ms="1465" started-at="2016-09-08T11:43:27Z" finished-at="2016-09-08T11:43:29Z">
          <reporter-output>
          </reporter-output>
        </test-method> <!-- TearDown -->
      </class> <!-- testGanern.testCase -->
    </test> <!-- Default test -->
  </suite> <!-- Default suite -->
</testng-results>
