<?xml version="1.0" encoding="UTF-8"?>
<testng-results skipped="0" failed="0" total="1" passed="1">
  <reporter-output>
  </reporter-output>
  <suite name="Default suite" duration-ms="13241" started-at="2016-09-07T12:27:10Z" finished-at="2016-09-07T12:27:23Z">
    <groups>
    </groups>
    <test name="Default test" duration-ms="13241" started-at="2016-09-07T12:27:10Z" finished-at="2016-09-07T12:27:23Z">
      <class name="testicles.testCase">
        <test-method status="PASS" signature="Setup()[pri:0, instance:testicles.testCase@197c004]" name="Setup" is-config="true" duration-ms="1650" started-at="2016-09-07T20:27:10Z" finished-at="2016-09-07T20:27:12Z">
          <reporter-output>
          </reporter-output>
        </test-method> <!-- Setup -->
        <test-method status="PASS" signature="pageTest()[pri:0, instance:testicles.testCase@197c004]" name="pageTest" duration-ms="10289" started-at="2016-09-07T20:27:12Z" finished-at="2016-09-07T20:27:22Z">
          <reporter-output>
          </reporter-output>
        </test-method> <!-- pageTest -->
        <test-method status="PASS" signature="TearDown()[pri:0, instance:testicles.testCase@197c004]" name="TearDown" is-config="true" duration-ms="1288" started-at="2016-09-07T20:27:22Z" finished-at="2016-09-07T20:27:23Z">
          <reporter-output>
          </reporter-output>
        </test-method> <!-- TearDown -->
      </class> <!-- testicles.testCase -->
    </test> <!-- Default test -->
  </suite> <!-- Default suite -->
</testng-results>
